<?xml version="1.0" encoding="UTF-8"?>
<!-- Generated by org.testng.reporters.JUnitReportReporter -->
<testsuite hostname="shrutika" failures="0" tests="2" name="Introduction.basic" time="0.014" errors="0" timestamp="2024-06-17T19:11:48 IST" skipped="0">
  <testcase classname="Introduction.basic" name="SecondTest" time="0.002"/>
  <testcase classname="Introduction.basic" name="Demo" time="0.012"/>
</testsuite> <!-- Introduction.basic -->
