<?xml version="1.0" encoding="UTF-8"?>
<!-- Generated by org.testng.reporters.JUnitReportReporter -->
<testsuite hostname="shrutika" failures="0" tests="4" name="Introduction.Streams" time="0.023" errors="0" timestamp="2024-06-14T00:57:28 IST" skipped="0">
  <testcase classname="Introduction.Streams" name="streamMap" time="0.005"/>
  <testcase classname="Introduction.Streams" name="regular" time="0.010"/>
  <testcase classname="Introduction.Streams" name="streamFilter" time="0.004"/>
  <testcase classname="Introduction.Streams" name="streamCollect" time="0.004"/>
</testsuite> <!-- Introduction.Streams -->
